[15:35:02] [Server thread/INFO]: Starting minecraft server version 1.12.2
[15:35:02] [Server thread/INFO]: Loading properties
[15:35:02] [Server thread/INFO]: Default game type: SURVIVAL
[15:35:02] [Server thread/INFO]: Generating keypair
[15:35:03] [Server thread/INFO]: Starting Minecraft server on *:25565
[15:35:03] [Server thread/INFO]: Using epoll channel type
[15:35:03] [Server thread/INFO]: Preparing level "world"
[15:35:03] [Server thread/INFO]: Loaded 488 advancements
[15:35:04] [Server thread/INFO]: Preparing start region for level 0
[15:35:05] [Server thread/INFO]: Preparing spawn area: 0%
[15:35:06] [Server thread/INFO]: Preparing spawn area: 37%
[15:35:07] [Server thread/INFO]: Done (3.579s)! For help, type "help" or "?"
[15:48:12] [User Authenticator #1/INFO]: UUID of player Wang_Wang_ is 6d411b06-a543-4b83-a949-c2486fc14beb
[15:48:12] [Server thread/INFO]: Wang_Wang_[/71.95.53.87:49417] logged in with entity id 287 at (80.69465521972039, 72.0, 243.20176140393687)
[15:48:12] [Server thread/INFO]: Wang_Wang_ joined the game
[15:48:20] [Server thread/INFO]: Wang_Wang_ lost connection: Disconnected
[15:48:20] [Server thread/INFO]: Wang_Wang_ left the game
[15:48:59] [User Authenticator #2/INFO]: UUID of player Wang_Wang_ is 6d411b06-a543-4b83-a949-c2486fc14beb
[15:48:59] [Server thread/INFO]: Wang_Wang_[/71.95.53.87:49464] logged in with entity id 548 at (80.69465521972039, 72.0, 243.20176140393687)
[15:48:59] [Server thread/INFO]: Wang_Wang_ joined the game
[15:49:14] [Server thread/INFO]: Wang_Wang_ lost connection: Disconnected
[15:49:14] [Server thread/INFO]: Wang_Wang_ left the game
[15:49:25] [User Authenticator #3/INFO]: UUID of player Wang_Wang_ is 6d411b06-a543-4b83-a949-c2486fc14beb
[15:49:25] [Server thread/INFO]: Wang_Wang_[/71.95.53.87:49469] logged in with entity id 2269 at (-165.4928829965323, 64.0, 282.8593305193891)
[15:49:25] [Server thread/INFO]: Wang_Wang_ joined the game
[15:49:45] [Server thread/INFO]: Wang_Wang_ fell out of the world
[15:49:45] [Server thread/INFO]: [Wang_Wang_: Killed Wang_Wang_]
[15:50:02] [Server thread/INFO]: Wang_Wang_ fell out of the world
[15:50:02] [Server thread/INFO]: [Wang_Wang_: Killed Wang_Wang_]
[15:50:16] [Server thread/INFO]: Wang_Wang_ lost connection: Disconnected
[15:50:16] [Server thread/INFO]: Wang_Wang_ left the game
[15:57:59] [User Authenticator #4/INFO]: UUID of player Wang_Wang_ is 6d411b06-a543-4b83-a949-c2486fc14beb
[15:57:59] [Server thread/INFO]: Wang_Wang_[/71.95.53.87:49490] logged in with entity id 4045 at (-182.21463115128824, 64.0, 276.4483301808621)
[15:57:59] [Server thread/INFO]: Wang_Wang_ joined the game
[15:58:19] [Server thread/INFO]: Wang_Wang_ lost connection: Disconnected
[15:58:19] [Server thread/INFO]: Wang_Wang_ left the game
[16:00:10] [User Authenticator #5/INFO]: UUID of player Wang_Wang_ is 6d411b06-a543-4b83-a949-c2486fc14beb
[16:00:10] [Server thread/INFO]: Wang_Wang_[/71.95.53.87:49514] logged in with entity id 4424 at (-158.88704341650242, 69.28219771012918, 267.03586555164446)
[16:00:10] [Server thread/INFO]: Wang_Wang_ joined the game
[16:00:12] [Server thread/INFO]: Wang_Wang_ lost connection: Disconnected
[16:00:12] [Server thread/INFO]: Wang_Wang_ left the game
